<?xml version="1.0" encoding="UTF-8"?>
<testng-results skipped="0" failed="0" ignored="0" total="1" passed="1">
  <reporter-output>
  </reporter-output>
  <suite name="Default suite" duration-ms="112568" started-at="2023-08-14T18:37:09Z" finished-at="2023-08-14T18:39:02Z">
    <groups>
    </groups>
    <test name="Default test" duration-ms="112568" started-at="2023-08-14T18:37:09Z" finished-at="2023-08-14T18:39:02Z">
      <class name="FlightPriceCompare.FlightPriceCompare.PriceComparatorTest">
        <test-method status="PASS" signature="comparePrice()[pri:0, instance:FlightPriceCompare.FlightPriceCompare.PriceComparatorTest@e056f20]" name="comparePrice" duration-ms="112548" started-at="2023-08-14T18:37:09Z" finished-at="2023-08-14T18:39:02Z">
          <reporter-output>
          </reporter-output>
        </test-method> <!-- comparePrice -->
      </class> <!-- FlightPriceCompare.FlightPriceCompare.PriceComparatorTest -->
    </test> <!-- Default test -->
  </suite> <!-- Default suite -->
</testng-results>
